Glow Store/app/build/intermediates/manifest_merge_blame_file/debug/manifest-merger-blame-debug-report.txt
1<?xml version="1.0" encoding="utf-8"?>
2<manifest xmlns:android="http://schemas.android.com/apk/res/android"
3    package="com.azhar.myshop"
4    android:versionCode="1"
5    android:versionName="1.0" >
6
7    <uses-sdk
8        android:minSdkVersion="21"
8-->src\main\AndroidManifest.xml
9        android:targetSdkVersion="29" />
9-->src\main\AndroidManifest.xml
10
11    <uses-permission android:name="android.permission.INTERNET" />
11-->src\main\AndroidManifest.xml:5:5-67
11-->src\main\AndroidManifest.xml:5:22-64
12    <uses-permission android:name="android.permission.WRITE_EXTERNAL_STORAGE" />
12-->src\main\AndroidManifest.xml:6:5-81
12-->src\main\AndroidManifest.xml:6:22-78
13
14    <application
14-->src\main\AndroidManifest.xml:8:5-43:19
15        android:allowBackup="true"
15-->src\main\AndroidManifest.xml:9:9-35
16        android:appComponentFactory="androidx.core.app.CoreComponentFactory"
16-->[androidx.core:core:1.1.0] AndroidManifest.xml:24:18-86
17        android:debuggable="true"
18        android:icon="@mipmap/ic_launcher"
18-->src\main\AndroidManifest.xml:10:9-43
19        android:label="@string/app_name"
19-->src\main\AndroidManifest.xml:11:9-41
20        android:roundIcon="@mipmap/ic_launcher_round"
20-->src\main\AndroidManifest.xml:12:9-54
21        android:supportsRtl="true"
21-->src\main\AndroidManifest.xml:13:9-35
22        android:testOnly="true"
23        android:theme="@style/AppTheme"
23-->src\main\AndroidManifest.xml:14:9-40
24        android:usesCleartextTraffic="true" >
24-->src\main\AndroidManifest.xml:15:9-44
25        <activity android:name="com.example.glowstore.activities.edit_produk" />
25-->src\main\AndroidManifest.xml:16:9-60
25-->src\main\AndroidManifest.xml:16:19-57
26        <activity android:name="com.example.glowstore.activities.stok_produk" />
26-->src\main\AndroidManifest.xml:17:9-60
26-->src\main\AndroidManifest.xml:17:19-57
27        <activity android:name="com.example.glowstore.activities.pesanan_selesai" />
27-->src\main\AndroidManifest.xml:18:9-64
27-->src\main\AndroidManifest.xml:18:19-61
28        <activity android:name="com.example.glowstore.activities.pesanan_masuk" />
28-->src\main\AndroidManifest.xml:19:9-62
28-->src\main\AndroidManifest.xml:19:19-59
29        <activity android:name="com.example.glowstore.activities.admin" />
29-->src\main\AndroidManifest.xml:20:9-54
29-->src\main\AndroidManifest.xml:20:19-51
30        <activity android:name="com.example.glowstore.activities.pengaturan" />
30-->src\main\AndroidManifest.xml:21:9-59
30-->src\main\AndroidManifest.xml:21:19-56
31        <activity android:name="com.example.glowstore.activities.hubungi_admin" />
31-->src\main\AndroidManifest.xml:22:9-62
31-->src\main\AndroidManifest.xml:22:19-59
32        <activity android:name="com.example.glowstore.activities.ubah_profil" />
32-->src\main\AndroidManifest.xml:23:9-60
32-->src\main\AndroidManifest.xml:23:19-57
33        <activity android:name="com.example.glowstore.activities.pengiriman" />
33-->src\main\AndroidManifest.xml:24:9-59
33-->src\main\AndroidManifest.xml:24:19-56
34        <activity android:name="com.example.glowstore.activities.transaksi" />
34-->src\main\AndroidManifest.xml:25:9-58
34-->src\main\AndroidManifest.xml:25:19-55
35        <activity android:name="com.example.glowstore.activities.paket" />
35-->src\main\AndroidManifest.xml:26:9-54
35-->src\main\AndroidManifest.xml:26:19-51
36        <activity android:name="com.example.glowstore.activities.spot_treatment" />
36-->src\main\AndroidManifest.xml:27:9-63
36-->src\main\AndroidManifest.xml:27:19-60
37        <activity android:name="com.example.glowstore.activities.serum" />
37-->src\main\AndroidManifest.xml:28:9-54
37-->src\main\AndroidManifest.xml:28:19-51
38        <activity android:name="com.example.glowstore.activities.cosmetic" />
38-->src\main\AndroidManifest.xml:29:9-57
38-->src\main\AndroidManifest.xml:29:19-54
39        <activity android:name="com.example.glowstore.activities.bodycare" />
39-->src\main\AndroidManifest.xml:30:9-57
39-->src\main\AndroidManifest.xml:30:19-54
40        <activity android:name="com.example.glowstore.activities.skincare" />
40-->src\main\AndroidManifest.xml:31:9-57
40-->src\main\AndroidManifest.xml:31:19-54
41        <activity android:name="com.example.glowstore.activities.login" />
41-->src\main\AndroidManifest.xml:32:9-54
41-->src\main\AndroidManifest.xml:32:19-51
42        <activity android:name="com.example.glowstore.activities.registrasi" />
42-->src\main\AndroidManifest.xml:33:9-59
42-->src\main\AndroidManifest.xml:33:19-56
43        <activity android:name="com.example.glowstore.activities.profil" />
43-->src\main\AndroidManifest.xml:34:9-55
43-->src\main\AndroidManifest.xml:34:19-52
44        <activity android:name="com.example.glowstore.activities.MainActivity" >
44-->src\main\AndroidManifest.xml:35:9-42:20
44-->src\main\AndroidManifest.xml:35:19-58
45            <intent-filter>
45-->src\main\AndroidManifest.xml:37:13-41:29
46                <action android:name="android.intent.action.MAIN" />
46-->src\main\AndroidManifest.xml:38:17-69
46-->src\main\AndroidManifest.xml:38:25-66
47
48                <category android:name="android.intent.category.LAUNCHER" />
48-->src\main\AndroidManifest.xml:40:17-77
48-->src\main\AndroidManifest.xml:40:27-74
49            </intent-filter>
50        </activity>
51    </application>
52
53</manifest>